
> starter_helpi@0.1.0 test
> react-scripts test --coverage

PASS src/Test/ProgressBar.test.js
PASS src/Test/BarGraph.test.js
PASS src/App.test.tsx
A worker process has failed to exit gracefully and has been force exited. This is likely caused by tests leaking due to improper teardown. Try running with --detectOpenHandles to find leaks. Active timers can also cause this, ensure that .unref() was called on them.
-------------------------------|---------|----------|---------|---------|-------------------
File                           | % Stmts | % Branch | % Funcs | % Lines | Uncovered Line #s 
-------------------------------|---------|----------|---------|---------|-------------------
All files                      |   10.54 |     7.21 |    8.57 |   11.51 |                   
 src                           |   11.62 |    21.42 |   11.11 |   11.62 |                   
  App.tsx                      |   33.33 |     37.5 |      50 |   33.33 | 16-33             
  chatGPT.tsx                  |       0 |        0 |       0 |       0 | 7-69              
  index.tsx                    |       0 |      100 |     100 |       0 | 7-19              
  reportWebVitals.ts           |       0 |        0 |       0 |       0 | 3-10              
 src/QuizFunctions             |    0.64 |        0 |       0 |    0.78 |                   
  QuestionSelection.Test.tsx   |       0 |      100 |       0 |       0 | 5-55              
  QuestionSelection.ts         |       0 |        0 |       0 |       0 | 37-239            
  consoleDisplays.ts           |       0 |      100 |       0 |       0 | 5-53              
  getResponseVector.ts         |    12.5 |        0 |       0 |   16.66 | 15-26             
 src/QuizPages                 |    4.58 |        0 |       0 |    4.95 |                   
  BasicQuestions.tsx           |       8 |        0 |       0 |    8.33 | 23-69             
  BasicResultsPage.tsx         |      25 |      100 |       0 |      25 | 7-10              
  DetailedQuestions.tsx        |    2.77 |        0 |       0 |    3.03 | 16-86             
  HomePage.tsx                 |       0 |        0 |       0 |       0 | 9-65              
  ResultsPage.tsx              |    7.14 |        0 |       0 |      10 | 7-24              
 src/components                |   28.12 |    33.33 |   23.52 |    25.8 |                   
  BarGraph.tsx                 |     100 |      100 |     100 |     100 |                   
  Loading.tsx                  |      50 |      100 |       0 |      50 | 6                 
  MultipleChoiceQuestion.tsx   |       0 |      100 |       0 |       0 | 12-24             
  chatbox.tsx                  |       0 |      100 |       0 |       0 | 6-23              
  formatBasicResults.tsx       |       0 |      100 |       0 |       0 | 10                
  formatQuestion.tsx           |       0 |        0 |       0 |       0 | 14-30             
  formatResults.tsx            |       0 |      100 |       0 |       0 | 27-66             
  progressBar.tsx              |     100 |      100 |     100 |     100 |                   
 src/contexts                  |    90.9 |       50 |      60 |     100 |                   
  DetailedResponsesContext.tsx |    90.9 |       50 |      60 |     100 | 25                
  UserResponsesContext.tsx     |    90.9 |       50 |      60 |     100 | 25                
 src/submitButtons             |     8.6 |     3.84 |    7.14 |    9.41 |                   
  submitBasic.tsx              |    2.56 |        0 |       0 |    2.94 | 69-141            
  submitDetailed.tsx           |       0 |        0 |       0 |       0 | 13-75             
  submitKey.tsx                |   63.63 |       50 |   33.33 |   63.63 | 10,23-29          
-------------------------------|---------|----------|---------|---------|-------------------

Test Suites: 3 passed, 3 total
Tests:       8 passed, 8 total
Snapshots:   0 total
Time:        5.328 s
Ran all test suites.
